<?xml version="1.0" encoding="UTF-8"?>
<!-- Generated by org.testng.reporters.JUnitXMLReporter -->
<testsuite ignored="3" hostname="LAPTOP-TOKNQKJ5" failures="0" tests="3" name="Test" time="0.089" errors="0" timestamp="2024-10-17T11:32:22 IST">
  <testcase classname="TestNg.Group2" name="login" time="0.013"/>
  <testcase classname="TestNg.Group2" name="logout" time="0.003"/>
  <testcase classname="TestNg.Group1" name="trello" time="0.001"/>
  <testcase classname="TestNg.Group2" name="profile" time="0.0">
    <ignored/>
  </testcase> <!-- profile -->
  <testcase classname="TestNg.Group2" name="home" time="0.0">
    <ignored/>
  </testcase> <!-- home -->
  <testcase classname="TestNg.Group1" name="facebook" time="0.0">
    <ignored/>
  </testcase> <!-- facebook -->
</testsuite> <!-- Test -->
